/*C1*/SET SCHEMA SYSTEM_LOBS
INSERT INTO BLOCKS VALUES(0,2147483647,0)
COMMIT
/*C2*/SET SCHEMA PUBLIC
DISCONNECT
/*C3*/SET SCHEMA PUBLIC
\u000a    create table Activity (\u000a        id bigint generated by default as identity (start with 1),\u000a        description clob(4000),\u000a        monthFrom integer,\u000a        monthTo integer not null,\u000a        place varchar(50),\u000a        title varchar(100) not null,\u000a        type varchar(255) not null,\u000a        websiteUrl varchar(255),\u000a        yearFrom integer not null,\u000a        yearTo integer not null,\u000a        person bigint not null,\u000a        primary key (id)\u000a    )
\u000a    create table Person (\u000a        id bigint generated by default as identity (start with 1),\u000a        address varchar(255),\u000a        birthday date,\u000a        email varchar(255) not null,\u000a        firstname varchar(50) not null,\u000a        headline varchar(123),\u000a        lastname varchar(50) not null,\u000a        password varchar(255) not null,\u000a        picture varchar(255),\u000a        position varchar(100),\u000a        summary varchar(700),\u000a        websiteUrl varchar(255),\u000a        primary key (id)\u000a    )
\u000a    alter table Person \u000a        add constraint UK_585qcyc8qh7bg1fwgm1pj4fus unique (email)
\u000a    alter table Activity \u000a        add constraint FK_p8t9cbo1lqoe23y6bymx5cpxy \u000a        foreign key (person) \u000a        references Person
DISCONNECT
/*C4*/SET SCHEMA PUBLIC
DISCONNECT
/*C5*/SET SCHEMA PUBLIC
INSERT INTO PERSON VALUES(1,NULL,NULL,'tupdate@t.t','testF',NULL,'testL','9f86d081884c7d659a2feaa0c55ad015a3bf4f1b2b0b822cd15d6c15b0f00a08',NULL,NULL,NULL,NULL)
COMMIT
DELETE FROM PERSON WHERE ID=1
INSERT INTO PERSON VALUES(1,NULL,NULL,'tupdate@t.t','testFirst',NULL,'testL','9f86d081884c7d659a2feaa0c55ad015a3bf4f1b2b0b822cd15d6c15b0f00a08',NULL,NULL,NULL,NULL)
COMMIT
DISCONNECT
/*C6*/SET SCHEMA PUBLIC
DISCONNECT
/*C7*/SET SCHEMA PUBLIC
INSERT INTO PERSON VALUES(2,NULL,NULL,'tdelete@t.t','testF',NULL,'testL','9f86d081884c7d659a2feaa0c55ad015a3bf4f1b2b0b822cd15d6c15b0f00a08',NULL,NULL,NULL,NULL)
COMMIT
DELETE FROM PERSON WHERE ID=2
COMMIT
DISCONNECT
/*C8*/SET SCHEMA PUBLIC
DISCONNECT
/*C9*/SET SCHEMA PUBLIC
INSERT INTO PERSON VALUES(3,NULL,NULL,'tadd@t.t','testF',NULL,'testL','9f86d081884c7d659a2feaa0c55ad015a3bf4f1b2b0b822cd15d6c15b0f00a08',NULL,NULL,NULL,NULL)
COMMIT
DISCONNECT
